$require base-systemd.lst

$exec 'rm -rf /usr/lib/gcc/x86_64-pc-linux-gnu/*/{32,plugin}'
$package kmod

#install script
$package dosfstools
$package parted
$require grub-i386-pc.lst

/bin/ip
/usr/bin/awk
$dir /lib/modules/$KERNEL_VERSION
$mkdir /boot/grub
$write /boot/grub/grub.cfg 'if [ -f ($BOOT_PARTITION)/system.img ]; then source ($BOOT_PARTITION)/system.cfg; loopback loop2 ($BOOT_PARTITION)/system.img; set root=loop2; set prefix=($root)/boot/grub; normal; set root=loop; set prefix=($root)/boot/grub; else'
$write --append /boot/grub/grub.cfg 'echo "SYSTEM.IMG not found."; fi'
$write --append /boot/grub/grub.cfg 'echo "Booting rescue environment with Linux __VERSION__..."'
$write --append /boot/grub/grub.cfg 'linux /boot/kernel boot_partition_uuid=$BOOT_PARTITION_UUID net.ifnames=0 edd=off intel_iommu=off amd_iommu=off'
$write --append /boot/grub/grub.cfg 'initrd /boot/initramfs\nboot'

/usr/sbin/lspci
/usr/share/misc/pci.ids.gz
/usr/share/misc/usb.ids.gz
/usr/bin/lsscsi

$sed /boot/grub/grub.cfg "s/__VERSION__/$WALBRIX_VERSION/g"

$require wpa_supplicant.lst
$sed /lib/systemd/system/wpa_supplicant@.service 's/-i%I$/-i%I -Dnl80211,wext/'
$write /etc/wpa_supplicant/wpa_supplicant-wlan0.conf 'network={\nscan_ssid=1\nssid="YOUR-SSID"\npsk="YOUR-KEY"\npriority=1\n}'
$copy resource/gpgpu/enable-wifi /usr/sbin/
$copy resource/gpgpu/setup-wifi /usr/sbin/

$package sys-fs/btrfs-progs
/usr/bin/strace
$package screen
/usr/bin/beep
$package lshw
$package usbutils
$package wireguard-tools
$require timezone-jp.lst
$sed /etc/ssh/sshd_config 's/^#PermitEmptyPasswords no$/PermitEmptyPasswords yes/'

$copy resource/bootx64/install /usr/sbin/

# reduce /usr/bin
$del /usr/bin/gawk /usr/bin/awk
$symlink /usr/bin/awk /bin/busybox
$del /usr/bin/pr
$symlink /usr/bin/telnet /bin/busybox
$del /usr/bin/install
$del /usr/bin/pinky
$del /usr/bin/localedef
$exec 'cd /usr/bin/ && for i in find top stat eject factor xargs ipcs cal shred sha512sum split shuf sha256sum hexdump [ who script sha1sum printf test uniq md5sum realpath last timeout nl id sum tac comm expand tee unexpand base64 truncate arch nohup nproc paste cksum nice nsenter users link printenv unlink whoami flock chrt pmap fallocate ipcrm scriptreplay ionice unshare pgrep pkill watch w free setarch pidof getopt rev setsid pwdx renice uptime clear; do rm $i && ln -s /bin/busybox $i; done'

# reduce /bin
$symlink /bin/sed busybox
$del /bin/ln
$symlink /bin/ln busybox
$del /bin/rm
$symlink /bin/rm busybox
$exec 'cd /bin && for i in tar grep netstat ps ls mv cp sort du date df touch gzip dmesg stty dd ifconfig tail passwd chown route chgrp chmod ping login mkdir seq tr su ec mktemp expr head readlink rmdir chroot cut cat env mknod more fuser pwd uname mkfifo sync basename dirname echo sleep tty yes false true kill arping mountpoint hostname groups egrep fgrep; do rm $i && ln -s busybox $i; done'

$sed /etc/bash/bashrc 's/alias .\?grep=.\+$//'   #need to remove aliases which is not appropriate fot busybox's greps


# reduce /usr/sbin
$exec 'cd /usr/sbin/ && for i in chpasswd sysctl partprobe; do rm $i && ln -s /bin/busybox $i; done'

$exec ldconfig

$copy resource/bootx64/grub-embed.cfg /var/tmp/grub.cfg
$exec --overlay 'grub-mkimage -p /boot/grub -c /var/tmp/grub.cfg -o /done -O x86_64-efi xfs fat part_gpt part_msdos normal linux echo all_video test multiboot multiboot2 search sleep iso9660 gzio lvm chain configfile cpuid minicmd gfxterm font terminal squash4 loopback videoinfo videotest blocklist probe && rm /var/tmp/grub.cfg'
