$package dev-php/fedora-autoloader
$package dev-php/theseer-DirectoryScanner
$package dev-php/zetacomponents-Base
$package dev-php/zetacomponents-ConsoleTools
$package dev-php/psr-log
$package dev-php/theseer-Autoload
$package dev-php/symfony-filesystem
$package dev-php/symfony-process 
$package dev-php/ca-bundle
$package dev-php/json-schema
$package dev-php/phar-utils 
$package dev-php/spdx-licenses
$package dev-php/symfony-finder
$package dev-php/symfony-yaml
$package dev-php/jsonlint
$package dev-php/reactphp-promise
$package dev-php/semver
$package dev-php/xdebug-handler
$package dev-php/symfony-config
$package dev-php/symfony-dependency-injection
$package dev-php/symfony-event-dispatcher
$package dev-php/symfony-console
$package dev-php/composer
