$require domU.lst
$require domU-overlayfs-kernel.lst
$sed /etc/conf.d/hostname 's/^\(hostname="\).*\("\)$/\1docker\2/'
$write --append /etc/fstab "/.overlay/data01 /var/lib/docker none bind 0 0"

$require dockerd.lst

$require s3cmd.lst

$require nodejs.lst
$exec "npm install -g grunt-cli"

# docker ui
#$exec --overlay "cd /root && git clone https://github.com/crosbymichael/dockerui.git && cd dockerui && npm install"
#$copy docker/dockerui.init /etc/init.d/dockerui
#$symlink /etc/runlevels/default/dockerui /etc/init.d/dockerui

# nginx
$require nginx.lst
$write /etc/nginx/proxy.map "aipo.example.com http://aipo.local;\nowncloud.example.com http://owncloud.local;"
$copy revproxy/nginx.conf /etc/nginx/nginx.conf
$copy revproxy/proxy.conf /etc/nginx/proxy.conf
$mkdir /etc/ssl/nginx
$exec "openssl genrsa 2048 > /etc/ssl/nginx/nginx.key"
$exec "openssl req -new -subj /CN=www.example.com -key /etc/ssl/nginx/nginx.key | openssl x509 -days 3650 -req -signkey /etc/ssl/nginx/nginx.key > /etc/ssl/nginx/nginx.pem"

$vadesc
