$require domU.lst
$require domU-overlayfs-kernel.lst
$require nginx.lst
$require uwsgi.lst
$require twisted-names.lst
$require postfix.lst
$require git.lst
$require certbot-nginx.lst
$require cron.lst
$package net-proxy/haproxy
$sed /etc/conf.d/hostname 's/^\(hostname="\).*\("\)$/\1http2\2/'

/usr/lib/libnss_wins.so
$sed /etc/nsswitch.conf 's/^\(hosts:.* \)dns\( *\)/\1wins dns\2/'

$exec "wget -O /usr/sbin/fakedns https://raw.githubusercontent.com/wbrxcorp/fakedns/master/fakedns.py"
$exec "wget -O /etc/init.d/fakedns https://raw.githubusercontent.com/wbrxcorp/fakedns/master/fakedns.init"
$exec "chmod 755 /etc/init.d/fakedns /usr/sbin/fakedns"
$symlink /etc/runlevels/default/fakedns /etc/init.d/fakedns

$write /etc/nginx/proxy.map "aipo.example.com http://aipo.local;\nowncloud.example.com http://owncloud.local;"

$copy revproxy/nginx.conf /etc/nginx/nginx.conf
$copy revproxy/proxy.conf /etc/nginx/proxy.conf

$mkdir /etc/nginx/conf.d
$copy revproxy/always-ssl.conf.sample /etc/nginx/conf.d/always-ssl.conf.sample
$copy revproxy/ssl-site.conf.sample /etc/nginx/conf.d/ssl-site.conf.sample

$mkdir /etc/ssl/nginx
$exec "openssl genrsa 2048 > /etc/ssl/nginx/nginx.key"
$exec "openssl req -new -subj /CN=www.example.com -key /etc/ssl/nginx/nginx.key | openssl x509 -days 3650 -req -signkey /etc/ssl/nginx/nginx.key > /etc/ssl/nginx/nginx.pem"

$write /etc/ssl/nginx/README.certbot "rm nginx.pem nginx.key\nln -s /etc/letsencrypt/live/nginx/fullchain.pem nginx.pem\nln -s /etc/letsencrypt/live/nginx/privkey.pem nginx.key"

$mkdir /var/cache/nginx
$exec "chown nginx /var/cache/nginx"

$mkdir /var/www/localhost/htdocs
$copy revproxy/index.html /var/www/localhost/htdocs/index.html

$mkdir /var/www/localhost/app
$copy revproxy/info.py /var/www/localhost/app/info.py
$exec "chown -R nginx.nginx /var/www/localhost"

$write /etc/conf.d/uwsgi.info 'UWSGI_SOCKET=/run/uwsgi_info/info.socket\nUWSGI_THREADS=0\nUWSGI_PROCESSES=1\nUWSGI_USER=nginx\nUWSGI_GROUP=nginx\nUWSGI_EXTRA_OPTIONS="--plugins=python27 --wsgi-file=/var/www/localhost/app/info.py"'
$symlink /etc/init.d/uwsgi.info uwsgi
$symlink /etc/runlevels/default/uwsgi.info /etc/init.d/uwsgi.info

$mkdir /etc/xen
$write /etc/xen/config "memory=96\n#vif=['bridge=eth0,mac=XX:YY:ZZ:XX:YY:ZZ']"

#$vadesc
