/usr/bin/chvt
/usr/bin/deallocvt
/usr/bin/dumpkeys
/usr/bin/fgconsole
/usr/bin/getkeycodes
/usr/bin/kbd_mode
/usr/bin/kbdinfo
/usr/bin/kbdrate
/usr/bin/loadkeys
/usr/bin/loadunimap
/usr/bin/mapscrn
/usr/bin/openvt
/usr/bin/psfaddtable
/usr/bin/psfgettable
/usr/bin/psfstriptable
/usr/bin/psfxtable
/usr/bin/resizecons
/usr/bin/setfont
/usr/bin/setkeycodes
/usr/bin/setleds
/usr/bin/setmetamode
/usr/bin/setvtrgb
/usr/bin/showkey
/usr/share/keymaps/i386/qwerty/jp106.map.gz
/usr/share/keymaps/i386/qwerty/us.map.gz

