#dev-libs/mm
#media-libs/t1lib
#media-libs/libpng
#dev-db/sqlite
#dev-libs/libmcrypt
#dev-libs/oniguruma
#app-text/htmltidy
#net-libs/c-client
#media-libs/freetype
#media-libs/libjpeg-turbo
$require apache-systemd.lst
$package net-mail/mailbase
$package dev-lang/php --use="apache2 gd mysql mysqli xslt zip pdo truetype xmlwriter bcmath xmlreader pcntl sysvipc sockets curl sqlite sharedmem tidy exif -cjk intl ldap ftp gmp imap opcache" --exclude='^/usr/lib(64)?/php[0-9]+\.[0-9]+/(man|include)/'
/usr/bin/php
/usr/lib64/apache2/modules/mod_php.so
/etc/apache2/modules.d/70_mod_php.conf
/var/lib/eselect-php/mod_php.conf
$dir /etc/php

$sed /etc/php/*/php.ini 's/^;date\.timezone.*$/date.timezone=Asia\/Tokyo/'
$sed /etc/php/apache2-php*/php.ini 's/^upload_max_filesize.\+$/upload_max_filesize = 128M/'
$sed /etc/php/apache2-php*/php.ini 's/^post_max_size.\+$/post_max_size = 256M/'
$sed /etc/conf.d/apache2 's/^\(APACHE2_OPTS=.*\)\"$/\1 -D PHP"/'
