#sys-libs/libcap-ng
#dev-libs/libev
#dev-libs/libverto
$package sys-libs/talloc # python module is needed by some va
$package sys-libs/ldb # python module is needed by some va
$package sys-libs/tdb
$require mit-krb5.lst

$package dev-python/pbr
$package dev-python/extras
$package dev-python/mimeparse
$package dev-python/linecache2
$package dev-python/traceback2
$package dev-python/unittest2
$package dev-python/testtools
$package dev-python/subunit

$package net-fs/cifs-utils
#sys-libs/tevent
$package net-nds/openldap --use="-tcpd samba"
$package net-fs/samba --use="ldap" --exclude='^/usr/lib(64)?/python.*/site-packages/samba/.*$'
$mkdir /run/lock/samba
$symlink /var/lock /run/lock
$mkdir /var/lib/samba/private
$exec "chmod 700 /var/lib/samba/private"

$symlink /etc/init.d/samba.nmbd samba
$symlink /etc/init.d/samba.smbd samba
$symlink /etc/conf.d/samba.nmbd samba
$symlink /etc/conf.d/samba.smbd samba
$symlink /etc/runlevels/default/samba.nmbd /etc/init.d/samba.nmbd
$symlink /etc/runlevels/default/samba.smbd /etc/init.d/samba.smbd
