/etc/conf.d/splash
/etc/env.d/99splash
/etc/splash/luxisri.ttf
/lib/rc/plugins/splash.so
/lib/splash/bin/fbres
/lib/splash/bin/fgconsole
/lib/splash/bin/usleep
/lib/splash/cache/.keep_media-gfx_splashutils-0
/lib/splash/sys/.keep_media-gfx_splashutils-0
/lib/splash/tmp/.keep_media-gfx_splashutils-0
/sbin/fbcondecor_helper
/sbin/fbres
/sbin/fbsplashctl
/sbin/fbsplashd.static
/sbin/fbtruetype
#/sbin/fbtruetype.static
/sbin/splash-functions.sh
/sbin/splash_util.static
#/usr/bin/bootsplash2fbsplash
#/usr/bin/splash_manager
#/usr/bin/splash_resize
#/usr/bin/splashy2fbsplash.py
/usr/sbin/fbsplashd
/usr/sbin/splash_geninitramfs
#/usr/sbin/splash_util

