init
bin
bin/cat
bin/cp
bin/umount
lib64
lib64/libattr.so.1
lib64/libc.so.6
lib64/ld-linux-x86-64.so.2
lib64/libblkid.so.1
lib64/libuuid.so.1
lib64/libmount.so.1
lib64/librt.so.1
lib64/libpthread.so.0
lib64/liblzo2.so.2
lib64/libsmartcols.so.1
lib64/libz.so.1
lib64/libdevmapper-event.so.1.02
lib64/libdl.so.2
lib64/libdevmapper.so.1.02
lib64/libaio.so.1
lib64/libm.so.6
sbin
sbin/btrfs
sbin/switch_root
sbin/mkfs.btrfs
sbin/mkswap
sbin/swapon
sbin/lvm
sbin/vgchange
usr
usr/lib64
usr/lib64/libiniparser4.so.1
usr/lib64/libzstd.so.1
