init
bin
bin/cat
bin/cp
bin/mv
bin/sed
bin/umount
lib64
lib64/libacl.so.1
lib64/libattr.so.1
lib64/libc.so.6
lib64/ld-linux-x86-64.so.2
lib64/libblkid.so.1
lib64/libuuid.so.1
lib64/libmount.so.1
lib64/librt.so.1
lib64/libpthread.so.0
lib64/liblzo2.so.2
lib64/libsmartcols.so.1
lib64/libz.so.1
lib64/libdevmapper-event.so.1.02
lib64/libdl.so.2
lib64/libdevmapper.so.1.02
lib64/libaio.so.1
lib64/libm.so.6
lib64/libsystemd.so.0
lib64/libudev.so.1
lib64/libcap.so.2
sbin
sbin/btrfs
sbin/switch_root
sbin/mkfs.btrfs
sbin/mkswap
sbin/swapon
sbin/vgchange
usr
usr/lib64
usr/lib64/libiniparser.so.0
usr/lib64/libzstd.so.1
usr/lib64/libgcc_s.so.1
usr/lib64/libstdc++.so.6
usr/lib64/liblz4.so.1
usr/lib64/libgcrypt.so.20
usr/lib64/libgpg-error.so.0
usr/sbin
usr/sbin/fsck.fat
